#! /usr/bin/vvp
:ivl_version "10.3 (stable)";
:ivl_delay_selection "TYPICAL";
:vpi_time_precision + 0;
:vpi_module "system";
:vpi_module "vhdl_sys";
:vpi_module "v2005_math";
:vpi_module "va_math";
S_0x560d04cf3d50 .scope module, "alu" "alu" 2 1;
 .timescale 0 0;
    .port_info 0 /OUTPUT 4 "R"
    .port_info 1 /OUTPUT 1 "zero"
    .port_info 2 /OUTPUT 1 "carry"
    .port_info 3 /OUTPUT 1 "sign"
    .port_info 4 /INPUT 4 "A"
    .port_info 5 /INPUT 4 "B"
    .port_info 6 /INPUT 2 "ALUOp"
    .port_info 7 /INPUT 1 "arit"
L_0x560d04d366d0 .functor NOT 1, L_0x560d04d367e0, C4<0>, C4<0>, C4<0>;
o0x7f42615638b8 .functor BUFZ 1, C4<z>; HiZ drive
L_0x560d04d35d00 .functor OR 1, L_0x560d04d366d0, o0x7f42615638b8, C4<0>, C4<0>;
L_0x560d04d369a0 .functor NOT 1, L_0x560d04d36900, C4<0>, C4<0>, C4<0>;
L_0x560d04d36a10 .functor NOT 1, o0x7f42615638b8, C4<0>, C4<0>, C4<0>;
L_0x560d04d36bb0 .functor AND 1, L_0x560d04d36a10, L_0x560d04d36a80, C4<1>, C4<1>;
L_0x560d04d36c70 .functor OR 1, L_0x560d04d369a0, L_0x560d04d36bb0, C4<0>, C4<0>;
L_0x560d04d37070 .functor NOT 1, L_0x560d04d36dc0, C4<0>, C4<0>, C4<0>;
L_0x560d04d37130 .functor AND 1, o0x7f42615638b8, L_0x560d04d37070, C4<1>, C4<1>;
L_0x560d04d37240 .functor OR 1, L_0x560d04d36c70, L_0x560d04d37130, C4<0>, C4<0>;
L_0x560d04d37350 .functor NOT 1, o0x7f42615638b8, C4<0>, C4<0>, C4<0>;
L_0x560d04d37770 .functor AND 1, L_0x560d04d37350, L_0x560d04d37630, C4<1>, C4<1>;
L_0x560d04d37830 .functor NOT 1, o0x7f42615638b8, C4<0>, C4<0>, C4<0>;
L_0x560d04d379b0 .functor AND 1, L_0x560d04d37830, L_0x560d04d37910, C4<1>, C4<1>;
L_0x560d04d37ac0 .functor OR 1, L_0x560d04d37770, L_0x560d04d379b0, C4<0>, C4<0>;
L_0x560d04d378a0 .functor BUFZ 1, L_0x560d04d37ac0, C4<0>, C4<0>, C4<0>;
L_0x560d04d37f90 .functor NOT 1, L_0x560d04d37e30, C4<0>, C4<0>, C4<0>;
L_0x560d04d381c0 .functor NOT 1, L_0x560d04d38090, C4<0>, C4<0>, C4<0>;
L_0x560d04d38230 .functor AND 1, L_0x560d04d37f90, L_0x560d04d381c0, C4<1>, C4<1>;
L_0x560d04d38550 .functor NOT 1, L_0x560d04d383e0, C4<0>, C4<0>, C4<0>;
L_0x560d04d38610 .functor AND 1, L_0x560d04d38230, L_0x560d04d38550, C4<1>, C4<1>;
L_0x560d04d387d0 .functor NOT 1, L_0x560d04d38340, C4<0>, C4<0>, C4<0>;
L_0x560d04d38890 .functor AND 1, L_0x560d04d38610, L_0x560d04d387d0, C4<1>, C4<1>;
o0x7f4261565478 .functor BUFZ 4, C4<zzzz>; HiZ drive
v0x560d04d1f640_0 .net "A", 3 0, o0x7f4261565478;  0 drivers
o0x7f4261563318 .functor BUFZ 2, C4<zz>; HiZ drive
v0x560d04d1f770_0 .net "ALUOp", 1 0, o0x7f4261563318;  0 drivers
o0x7f42615655c8 .functor BUFZ 4, C4<zzzz>; HiZ drive
v0x560d04d1f830_0 .net "B", 3 0, o0x7f42615655c8;  0 drivers
v0x560d04d1f8d0_0 .net "OP1", 3 0, L_0x560d04d21f40;  1 drivers
v0x560d04d1f9a0_0 .net "OP1_A", 0 0, L_0x560d04d35d00;  1 drivers
v0x560d04d1fa90_0 .net "OP2", 3 0, L_0x560d04d32510;  1 drivers
v0x560d04d1fb60_0 .net "OP2_B", 0 0, L_0x560d04d37240;  1 drivers
v0x560d04d1fc30_0 .net "R", 3 0, L_0x560d04d362e0;  1 drivers
v0x560d04d1fcd0_0 .net *"_s100", 0 0, L_0x560d04d38550;  1 drivers
v0x560d04d1fe20_0 .net *"_s102", 0 0, L_0x560d04d38610;  1 drivers
v0x560d04d1ff00_0 .net *"_s105", 0 0, L_0x560d04d38340;  1 drivers
v0x560d04d1ffe0_0 .net *"_s106", 0 0, L_0x560d04d387d0;  1 drivers
v0x560d04d200c0_0 .net *"_s43", 0 0, L_0x560d04d367e0;  1 drivers
v0x560d04d201a0_0 .net *"_s44", 0 0, L_0x560d04d366d0;  1 drivers
v0x560d04d20280_0 .net *"_s49", 0 0, L_0x560d04d36900;  1 drivers
v0x560d04d20360_0 .net *"_s50", 0 0, L_0x560d04d369a0;  1 drivers
v0x560d04d20440_0 .net *"_s52", 0 0, L_0x560d04d36a10;  1 drivers
v0x560d04d20630_0 .net *"_s55", 0 0, L_0x560d04d36a80;  1 drivers
v0x560d04d20710_0 .net *"_s56", 0 0, L_0x560d04d36bb0;  1 drivers
v0x560d04d207f0_0 .net *"_s58", 0 0, L_0x560d04d36c70;  1 drivers
v0x560d04d208d0_0 .net *"_s61", 0 0, L_0x560d04d36dc0;  1 drivers
v0x560d04d209b0_0 .net *"_s62", 0 0, L_0x560d04d37070;  1 drivers
v0x560d04d20a90_0 .net *"_s64", 0 0, L_0x560d04d37130;  1 drivers
v0x560d04d20b70_0 .net *"_s68", 0 0, L_0x560d04d37350;  1 drivers
v0x560d04d20c50_0 .net *"_s71", 0 0, L_0x560d04d37630;  1 drivers
v0x560d04d20d30_0 .net *"_s72", 0 0, L_0x560d04d37770;  1 drivers
v0x560d04d20e10_0 .net *"_s74", 0 0, L_0x560d04d37830;  1 drivers
v0x560d04d20ef0_0 .net *"_s77", 0 0, L_0x560d04d37910;  1 drivers
v0x560d04d20fd0_0 .net *"_s78", 0 0, L_0x560d04d379b0;  1 drivers
v0x560d04d210b0_0 .net *"_s89", 0 0, L_0x560d04d37e30;  1 drivers
v0x560d04d21190_0 .net *"_s90", 0 0, L_0x560d04d37f90;  1 drivers
v0x560d04d21270_0 .net *"_s93", 0 0, L_0x560d04d38090;  1 drivers
v0x560d04d21350_0 .net *"_s94", 0 0, L_0x560d04d381c0;  1 drivers
v0x560d04d21640_0 .net *"_s96", 0 0, L_0x560d04d38230;  1 drivers
v0x560d04d21720_0 .net *"_s99", 0 0, L_0x560d04d383e0;  1 drivers
v0x560d04d21800_0 .net "arit", 0 0, o0x7f42615638b8;  0 drivers
v0x560d04d218a0_0 .net "carry", 0 0, L_0x560d04d376d0;  1 drivers
v0x560d04d21960_0 .net "cin", 0 0, L_0x560d04d378a0;  1 drivers
v0x560d04d21a00_0 .net "cout", 3 0, L_0x560d04d36380;  1 drivers
v0x560d04d21ae0_0 .net "cpl", 0 0, L_0x560d04d37ac0;  1 drivers
v0x560d04d21b80_0 .net "sign", 0 0, L_0x560d04d37ce0;  1 drivers
v0x560d04d21c20_0 .net "wire_C1", 3 0, L_0x560d04d220c0;  1 drivers
v0x560d04d21d30_0 .net "zero", 0 0, L_0x560d04d38890;  1 drivers
L_0x560d04d33470 .part L_0x560d04d21f40, 0, 1;
L_0x560d04d33620 .part L_0x560d04d32510, 0, 1;
L_0x560d04d34360 .part L_0x560d04d21f40, 1, 1;
L_0x560d04d34510 .part L_0x560d04d32510, 1, 1;
L_0x560d04d34640 .part L_0x560d04d36380, 0, 1;
L_0x560d04d352f0 .part L_0x560d04d21f40, 2, 1;
L_0x560d04d354e0 .part L_0x560d04d32510, 2, 1;
L_0x560d04d35580 .part L_0x560d04d36380, 1, 1;
L_0x560d04d362e0 .concat8 [ 1 1 1 1], L_0x560d04d33260, L_0x560d04d34150, L_0x560d04d350e0, L_0x560d04d360d0;
L_0x560d04d36380 .concat8 [ 1 1 1 1], L_0x560d04d32a30, L_0x560d04d338e0, L_0x560d04d34950, L_0x560d04d358a0;
L_0x560d04d36480 .part L_0x560d04d21f40, 3, 1;
L_0x560d04d36630 .part L_0x560d04d32510, 3, 1;
L_0x560d04d36740 .part L_0x560d04d36380, 2, 1;
L_0x560d04d367e0 .part o0x7f4261563318, 1, 1;
L_0x560d04d36900 .part o0x7f4261563318, 1, 1;
L_0x560d04d36a80 .part o0x7f4261563318, 0, 1;
L_0x560d04d36dc0 .part o0x7f4261563318, 0, 1;
L_0x560d04d37630 .part o0x7f4261563318, 0, 1;
L_0x560d04d37910 .part o0x7f4261563318, 1, 1;
L_0x560d04d37ce0 .part L_0x560d04d362e0, 3, 1;
L_0x560d04d376d0 .part L_0x560d04d36380, 3, 1;
L_0x560d04d37e30 .part L_0x560d04d362e0, 0, 1;
L_0x560d04d38090 .part L_0x560d04d362e0, 1, 1;
L_0x560d04d383e0 .part L_0x560d04d362e0, 2, 1;
L_0x560d04d38340 .part L_0x560d04d362e0, 3, 1;
S_0x560d04ce94d0 .scope module, "C1_ALU" "compl1" 2 8, 3 1 0, S_0x560d04cf3d50;
 .timescale 0 0;
    .port_info 0 /OUTPUT 4 "Sal"
    .port_info 1 /INPUT 4 "Ent"
    .port_info 2 /INPUT 1 "cpl"
L_0x560d04d324a0 .functor NOT 4, L_0x560d04d220c0, C4<0000>, C4<0000>, C4<0000>;
v0x560d04cee160_0 .net "Ent", 3 0, L_0x560d04d220c0;  alias, 1 drivers
v0x560d04d12070_0 .net "Sal", 3 0, L_0x560d04d32510;  alias, 1 drivers
v0x560d04d12150_0 .net *"_s0", 31 0, L_0x560d04d221f0;  1 drivers
L_0x7f426151a060 .functor BUFT 1, C4<0000000000000000000000000000000>, C4<0>, C4<0>, C4<0>;
v0x560d04d12210_0 .net *"_s3", 30 0, L_0x7f426151a060;  1 drivers
L_0x7f426151a0a8 .functor BUFT 1, C4<00000000000000000000000000000001>, C4<0>, C4<0>, C4<0>;
v0x560d04d122f0_0 .net/2u *"_s4", 31 0, L_0x7f426151a0a8;  1 drivers
v0x560d04d12420_0 .net *"_s6", 0 0, L_0x560d04d32360;  1 drivers
v0x560d04d124e0_0 .net *"_s8", 3 0, L_0x560d04d324a0;  1 drivers
v0x560d04d125c0_0 .net "cpl", 0 0, L_0x560d04d37ac0;  alias, 1 drivers
L_0x560d04d221f0 .concat [ 1 31 0 0], L_0x560d04d37ac0, L_0x7f426151a060;
L_0x560d04d32360 .cmp/eq 32, L_0x560d04d221f0, L_0x7f426151a0a8;
L_0x560d04d32510 .functor MUXZ 4, L_0x560d04d220c0, L_0x560d04d324a0, L_0x560d04d32360, C4<>;
S_0x560d04d12700 .scope module, "cal0" "cal" 2 10, 4 1 0, S_0x560d04cf3d50;
 .timescale 0 0;
    .port_info 0 /OUTPUT 1 "out"
    .port_info 1 /OUTPUT 1 "c_out"
    .port_info 2 /INPUT 1 "a"
    .port_info 3 /INPUT 1 "b"
    .port_info 4 /INPUT 1 "arit"
    .port_info 5 /INPUT 1 "c_in"
    .port_info 6 /INPUT 2 "s"
v0x560d04d14e30_0 .net "a", 0 0, L_0x560d04d33470;  1 drivers
v0x560d04d14f40_0 .net "arit", 0 0, o0x7f42615638b8;  alias, 0 drivers
v0x560d04d15000_0 .net "b", 0 0, L_0x560d04d33620;  1 drivers
v0x560d04d150f0_0 .net "c_in", 0 0, L_0x560d04d378a0;  alias, 1 drivers
v0x560d04d15190_0 .net "c_out", 0 0, L_0x560d04d32a30;  1 drivers
v0x560d04d15280_0 .net "out", 0 0, L_0x560d04d33260;  1 drivers
v0x560d04d15350_0 .net "s", 1 0, o0x7f4261563318;  alias, 0 drivers
v0x560d04d15440_0 .net "sum_out_cl", 0 0, v0x560d04d131a0_0;  1 drivers
v0x560d04d154e0_0 .net "sum_out_fa", 0 0, L_0x560d04d32b20;  1 drivers
S_0x560d04d12980 .scope module, "celda_logica" "cl" 4 3, 5 1 0, S_0x560d04d12700;
 .timescale 0 0;
    .port_info 0 /OUTPUT 1 "out"
    .port_info 1 /INPUT 1 "a"
    .port_info 2 /INPUT 1 "b"
    .port_info 3 /INPUT 2 "s"
L_0x560d04d32650 .functor AND 1, L_0x560d04d33470, L_0x560d04d33620, C4<1>, C4<1>;
L_0x560d04d32710 .functor OR 1, L_0x560d04d33470, L_0x560d04d33620, C4<0>, C4<0>;
L_0x560d04d32910 .functor XOR 1, L_0x560d04d33470, L_0x560d04d33620, C4<0>, C4<0>;
L_0x560d04d329a0 .functor NOT 1, L_0x560d04d33470, C4<0>, C4<0>, C4<0>;
v0x560d04d13450_0 .net "a", 0 0, L_0x560d04d33470;  alias, 1 drivers
v0x560d04d13530_0 .net "aux_and", 0 0, L_0x560d04d32650;  1 drivers
v0x560d04d135f0_0 .net "aux_not", 0 0, L_0x560d04d329a0;  1 drivers
v0x560d04d13690_0 .net "aux_or", 0 0, L_0x560d04d32710;  1 drivers
v0x560d04d13730_0 .net "aux_xor", 0 0, L_0x560d04d32910;  1 drivers
v0x560d04d13820_0 .net "b", 0 0, L_0x560d04d33620;  alias, 1 drivers
v0x560d04d138c0_0 .net "out", 0 0, v0x560d04d131a0_0;  alias, 1 drivers
v0x560d04d13990_0 .net "s", 1 0, o0x7f4261563318;  alias, 0 drivers
S_0x560d04d12bc0 .scope module, "mux1" "mux4_1" 5 10, 6 1 0, S_0x560d04d12980;
 .timescale 0 0;
    .port_info 0 /OUTPUT 1 "out"
    .port_info 1 /INPUT 1 "a"
    .port_info 2 /INPUT 1 "b"
    .port_info 3 /INPUT 1 "c"
    .port_info 4 /INPUT 1 "d"
    .port_info 5 /INPUT 2 "s"
v0x560d04d12ea0_0 .net "a", 0 0, L_0x560d04d32650;  alias, 1 drivers
v0x560d04d12f80_0 .net "b", 0 0, L_0x560d04d32710;  alias, 1 drivers
v0x560d04d13040_0 .net "c", 0 0, L_0x560d04d32910;  alias, 1 drivers
v0x560d04d130e0_0 .net "d", 0 0, L_0x560d04d329a0;  alias, 1 drivers
v0x560d04d131a0_0 .var "out", 0 0;
v0x560d04d132b0_0 .net "s", 1 0, o0x7f4261563318;  alias, 0 drivers
E_0x560d04cc4e60/0 .event edge, v0x560d04d132b0_0, v0x560d04d130e0_0, v0x560d04d13040_0, v0x560d04d12f80_0;
E_0x560d04cc4e60/1 .event edge, v0x560d04d12ea0_0;
E_0x560d04cc4e60 .event/or E_0x560d04cc4e60/0, E_0x560d04cc4e60/1;
S_0x560d04d13a90 .scope module, "full_adder" "fa" 4 4, 7 1 0, S_0x560d04d12700;
 .timescale 0 0;
    .port_info 0 /OUTPUT 1 "cout"
    .port_info 1 /OUTPUT 1 "sum"
    .port_info 2 /INPUT 1 "a"
    .port_info 3 /INPUT 1 "b"
    .port_info 4 /INPUT 1 "cin"
L_0x7f426151a138 .functor BUFT 1, C4<0>, C4<0>, C4<0>, C4<0>;
v0x560d04d13ce0_0 .net *"_s10", 0 0, L_0x7f426151a138;  1 drivers
v0x560d04d13da0_0 .net *"_s11", 1 0, L_0x560d04d32e40;  1 drivers
v0x560d04d13e80_0 .net *"_s13", 1 0, L_0x560d04d32ff0;  1 drivers
L_0x7f426151a180 .functor BUFT 1, C4<0>, C4<0>, C4<0>, C4<0>;
v0x560d04d13f70_0 .net *"_s16", 0 0, L_0x7f426151a180;  1 drivers
v0x560d04d14050_0 .net *"_s17", 1 0, L_0x560d04d33120;  1 drivers
v0x560d04d14180_0 .net *"_s3", 1 0, L_0x560d04d32c10;  1 drivers
L_0x7f426151a0f0 .functor BUFT 1, C4<0>, C4<0>, C4<0>, C4<0>;
v0x560d04d14260_0 .net *"_s6", 0 0, L_0x7f426151a0f0;  1 drivers
v0x560d04d14340_0 .net *"_s7", 1 0, L_0x560d04d32d00;  1 drivers
v0x560d04d14420_0 .net "a", 0 0, L_0x560d04d33470;  alias, 1 drivers
v0x560d04d144c0_0 .net "b", 0 0, L_0x560d04d33620;  alias, 1 drivers
v0x560d04d14590_0 .net "cin", 0 0, L_0x560d04d378a0;  alias, 1 drivers
v0x560d04d14630_0 .net "cout", 0 0, L_0x560d04d32a30;  alias, 1 drivers
v0x560d04d146d0_0 .net "sum", 0 0, L_0x560d04d32b20;  alias, 1 drivers
L_0x560d04d32a30 .part L_0x560d04d33120, 1, 1;
L_0x560d04d32b20 .part L_0x560d04d33120, 0, 1;
L_0x560d04d32c10 .concat [ 1 1 0 0], L_0x560d04d33470, L_0x7f426151a0f0;
L_0x560d04d32d00 .concat [ 1 1 0 0], L_0x560d04d33620, L_0x7f426151a138;
L_0x560d04d32e40 .arith/sum 2, L_0x560d04d32c10, L_0x560d04d32d00;
L_0x560d04d32ff0 .concat [ 1 1 0 0], L_0x560d04d378a0, L_0x7f426151a180;
L_0x560d04d33120 .arith/sum 2, L_0x560d04d32e40, L_0x560d04d32ff0;
S_0x560d04d14860 .scope module, "mux2" "mux2_1" 4 5, 8 1 0, S_0x560d04d12700;
 .timescale 0 0;
    .port_info 0 /OUTPUT 1 "out"
    .port_info 1 /INPUT 1 "a"
    .port_info 2 /INPUT 1 "b"
    .port_info 3 /INPUT 1 "s"
v0x560d04d14a80_0 .net "a", 0 0, L_0x560d04d32b20;  alias, 1 drivers
v0x560d04d14b50_0 .net "b", 0 0, v0x560d04d131a0_0;  alias, 1 drivers
v0x560d04d14c40_0 .net "out", 0 0, L_0x560d04d33260;  alias, 1 drivers
v0x560d04d14ce0_0 .net "s", 0 0, o0x7f42615638b8;  alias, 0 drivers
L_0x560d04d33260 .functor MUXZ 1, L_0x560d04d32b20, v0x560d04d131a0_0, o0x7f42615638b8, C4<>;
S_0x560d04d15650 .scope module, "cal1" "cal" 2 11, 4 1 0, S_0x560d04cf3d50;
 .timescale 0 0;
    .port_info 0 /OUTPUT 1 "out"
    .port_info 1 /OUTPUT 1 "c_out"
    .port_info 2 /INPUT 1 "a"
    .port_info 3 /INPUT 1 "b"
    .port_info 4 /INPUT 1 "arit"
    .port_info 5 /INPUT 1 "c_in"
    .port_info 6 /INPUT 2 "s"
v0x560d04d17f20_0 .net "a", 0 0, L_0x560d04d34360;  1 drivers
v0x560d04d18030_0 .net "arit", 0 0, o0x7f42615638b8;  alias, 0 drivers
v0x560d04d180f0_0 .net "b", 0 0, L_0x560d04d34510;  1 drivers
v0x560d04d181e0_0 .net "c_in", 0 0, L_0x560d04d34640;  1 drivers
v0x560d04d18280_0 .net "c_out", 0 0, L_0x560d04d338e0;  1 drivers
v0x560d04d18370_0 .net "out", 0 0, L_0x560d04d34150;  1 drivers
v0x560d04d18410_0 .net "s", 1 0, o0x7f4261563318;  alias, 0 drivers
v0x560d04d184b0_0 .net "sum_out_cl", 0 0, v0x560d04d16120_0;  1 drivers
v0x560d04d18550_0 .net "sum_out_fa", 0 0, L_0x560d04d339d0;  1 drivers
S_0x560d04d158d0 .scope module, "celda_logica" "cl" 4 3, 5 1 0, S_0x560d04d15650;
 .timescale 0 0;
    .port_info 0 /OUTPUT 1 "out"
    .port_info 1 /INPUT 1 "a"
    .port_info 2 /INPUT 1 "b"
    .port_info 3 /INPUT 2 "s"
L_0x560d04d32ee0 .functor AND 1, L_0x560d04d34360, L_0x560d04d34510, C4<1>, C4<1>;
L_0x560d04d336c0 .functor OR 1, L_0x560d04d34360, L_0x560d04d34510, C4<0>, C4<0>;
L_0x560d04d337c0 .functor XOR 1, L_0x560d04d34360, L_0x560d04d34510, C4<0>, C4<0>;
L_0x560d04d33850 .functor NOT 1, L_0x560d04d34360, C4<0>, C4<0>, C4<0>;
v0x560d04d163f0_0 .net "a", 0 0, L_0x560d04d34360;  alias, 1 drivers
v0x560d04d164d0_0 .net "aux_and", 0 0, L_0x560d04d32ee0;  1 drivers
v0x560d04d16590_0 .net "aux_not", 0 0, L_0x560d04d33850;  1 drivers
v0x560d04d16690_0 .net "aux_or", 0 0, L_0x560d04d336c0;  1 drivers
v0x560d04d16760_0 .net "aux_xor", 0 0, L_0x560d04d337c0;  1 drivers
v0x560d04d16850_0 .net "b", 0 0, L_0x560d04d34510;  alias, 1 drivers
v0x560d04d168f0_0 .net "out", 0 0, v0x560d04d16120_0;  alias, 1 drivers
v0x560d04d169c0_0 .net "s", 1 0, o0x7f4261563318;  alias, 0 drivers
S_0x560d04d15b10 .scope module, "mux1" "mux4_1" 5 10, 6 1 0, S_0x560d04d158d0;
 .timescale 0 0;
    .port_info 0 /OUTPUT 1 "out"
    .port_info 1 /INPUT 1 "a"
    .port_info 2 /INPUT 1 "b"
    .port_info 3 /INPUT 1 "c"
    .port_info 4 /INPUT 1 "d"
    .port_info 5 /INPUT 2 "s"
v0x560d04d15df0_0 .net "a", 0 0, L_0x560d04d32ee0;  alias, 1 drivers
v0x560d04d15ed0_0 .net "b", 0 0, L_0x560d04d336c0;  alias, 1 drivers
v0x560d04d15f90_0 .net "c", 0 0, L_0x560d04d337c0;  alias, 1 drivers
v0x560d04d16060_0 .net "d", 0 0, L_0x560d04d33850;  alias, 1 drivers
v0x560d04d16120_0 .var "out", 0 0;
v0x560d04d16230_0 .net "s", 1 0, o0x7f4261563318;  alias, 0 drivers
E_0x560d04c8eaa0/0 .event edge, v0x560d04d132b0_0, v0x560d04d16060_0, v0x560d04d15f90_0, v0x560d04d15ed0_0;
E_0x560d04c8eaa0/1 .event edge, v0x560d04d15df0_0;
E_0x560d04c8eaa0 .event/or E_0x560d04c8eaa0/0, E_0x560d04c8eaa0/1;
S_0x560d04d16b20 .scope module, "full_adder" "fa" 4 4, 7 1 0, S_0x560d04d15650;
 .timescale 0 0;
    .port_info 0 /OUTPUT 1 "cout"
    .port_info 1 /OUTPUT 1 "sum"
    .port_info 2 /INPUT 1 "a"
    .port_info 3 /INPUT 1 "b"
    .port_info 4 /INPUT 1 "cin"
L_0x7f426151a210 .functor BUFT 1, C4<0>, C4<0>, C4<0>, C4<0>;
v0x560d04d16d20_0 .net *"_s10", 0 0, L_0x7f426151a210;  1 drivers
v0x560d04d16e00_0 .net *"_s11", 1 0, L_0x560d04d33ca0;  1 drivers
v0x560d04d16ee0_0 .net *"_s13", 1 0, L_0x560d04d33e50;  1 drivers
L_0x7f426151a258 .functor BUFT 1, C4<0>, C4<0>, C4<0>, C4<0>;
v0x560d04d16fd0_0 .net *"_s16", 0 0, L_0x7f426151a258;  1 drivers
v0x560d04d170b0_0 .net *"_s17", 1 0, L_0x560d04d34060;  1 drivers
v0x560d04d171e0_0 .net *"_s3", 1 0, L_0x560d04d33ac0;  1 drivers
L_0x7f426151a1c8 .functor BUFT 1, C4<0>, C4<0>, C4<0>, C4<0>;
v0x560d04d172c0_0 .net *"_s6", 0 0, L_0x7f426151a1c8;  1 drivers
v0x560d04d173a0_0 .net *"_s7", 1 0, L_0x560d04d33bb0;  1 drivers
v0x560d04d17480_0 .net "a", 0 0, L_0x560d04d34360;  alias, 1 drivers
v0x560d04d175b0_0 .net "b", 0 0, L_0x560d04d34510;  alias, 1 drivers
v0x560d04d17680_0 .net "cin", 0 0, L_0x560d04d34640;  alias, 1 drivers
v0x560d04d17720_0 .net "cout", 0 0, L_0x560d04d338e0;  alias, 1 drivers
v0x560d04d177c0_0 .net "sum", 0 0, L_0x560d04d339d0;  alias, 1 drivers
L_0x560d04d338e0 .part L_0x560d04d34060, 1, 1;
L_0x560d04d339d0 .part L_0x560d04d34060, 0, 1;
L_0x560d04d33ac0 .concat [ 1 1 0 0], L_0x560d04d34360, L_0x7f426151a1c8;
L_0x560d04d33bb0 .concat [ 1 1 0 0], L_0x560d04d34510, L_0x7f426151a210;
L_0x560d04d33ca0 .arith/sum 2, L_0x560d04d33ac0, L_0x560d04d33bb0;
L_0x560d04d33e50 .concat [ 1 1 0 0], L_0x560d04d34640, L_0x7f426151a258;
L_0x560d04d34060 .arith/sum 2, L_0x560d04d33ca0, L_0x560d04d33e50;
S_0x560d04d17950 .scope module, "mux2" "mux2_1" 4 5, 8 1 0, S_0x560d04d15650;
 .timescale 0 0;
    .port_info 0 /OUTPUT 1 "out"
    .port_info 1 /INPUT 1 "a"
    .port_info 2 /INPUT 1 "b"
    .port_info 3 /INPUT 1 "s"
v0x560d04d17b70_0 .net "a", 0 0, L_0x560d04d339d0;  alias, 1 drivers
v0x560d04d17c40_0 .net "b", 0 0, v0x560d04d16120_0;  alias, 1 drivers
v0x560d04d17d30_0 .net "out", 0 0, L_0x560d04d34150;  alias, 1 drivers
v0x560d04d17dd0_0 .net "s", 0 0, o0x7f42615638b8;  alias, 0 drivers
L_0x560d04d34150 .functor MUXZ 1, L_0x560d04d339d0, v0x560d04d16120_0, o0x7f42615638b8, C4<>;
S_0x560d04d186e0 .scope module, "cal2" "cal" 2 12, 4 1 0, S_0x560d04cf3d50;
 .timescale 0 0;
    .port_info 0 /OUTPUT 1 "out"
    .port_info 1 /OUTPUT 1 "c_out"
    .port_info 2 /INPUT 1 "a"
    .port_info 3 /INPUT 1 "b"
    .port_info 4 /INPUT 1 "arit"
    .port_info 5 /INPUT 1 "c_in"
    .port_info 6 /INPUT 2 "s"
v0x560d04d1b080_0 .net "a", 0 0, L_0x560d04d352f0;  1 drivers
v0x560d04d1b140_0 .net "arit", 0 0, o0x7f42615638b8;  alias, 0 drivers
v0x560d04d1b200_0 .net "b", 0 0, L_0x560d04d354e0;  1 drivers
v0x560d04d1b2f0_0 .net "c_in", 0 0, L_0x560d04d35580;  1 drivers
v0x560d04d1b390_0 .net "c_out", 0 0, L_0x560d04d34950;  1 drivers
v0x560d04d1b480_0 .net "out", 0 0, L_0x560d04d350e0;  1 drivers
v0x560d04d1b520_0 .net "s", 1 0, o0x7f4261563318;  alias, 0 drivers
v0x560d04d1b6d0_0 .net "sum_out_cl", 0 0, v0x560d04d19250_0;  1 drivers
v0x560d04d1b770_0 .net "sum_out_fa", 0 0, L_0x560d04d349f0;  1 drivers
S_0x560d04d18960 .scope module, "celda_logica" "cl" 4 3, 5 1 0, S_0x560d04d186e0;
 .timescale 0 0;
    .port_info 0 /OUTPUT 1 "out"
    .port_info 1 /INPUT 1 "a"
    .port_info 2 /INPUT 1 "b"
    .port_info 3 /INPUT 2 "s"
L_0x560d04d33d40 .functor AND 1, L_0x560d04d352f0, L_0x560d04d354e0, C4<1>, C4<1>;
L_0x560d04d346e0 .functor OR 1, L_0x560d04d352f0, L_0x560d04d354e0, C4<0>, C4<0>;
L_0x560d04d34870 .functor XOR 1, L_0x560d04d352f0, L_0x560d04d354e0, C4<0>, C4<0>;
L_0x560d04d348e0 .functor NOT 1, L_0x560d04d352f0, C4<0>, C4<0>, C4<0>;
v0x560d04d19520_0 .net "a", 0 0, L_0x560d04d352f0;  alias, 1 drivers
v0x560d04d19600_0 .net "aux_and", 0 0, L_0x560d04d33d40;  1 drivers
v0x560d04d196c0_0 .net "aux_not", 0 0, L_0x560d04d348e0;  1 drivers
v0x560d04d197c0_0 .net "aux_or", 0 0, L_0x560d04d346e0;  1 drivers
v0x560d04d19890_0 .net "aux_xor", 0 0, L_0x560d04d34870;  1 drivers
v0x560d04d19980_0 .net "b", 0 0, L_0x560d04d354e0;  alias, 1 drivers
v0x560d04d19a20_0 .net "out", 0 0, v0x560d04d19250_0;  alias, 1 drivers
v0x560d04d19af0_0 .net "s", 1 0, o0x7f4261563318;  alias, 0 drivers
S_0x560d04d18bc0 .scope module, "mux1" "mux4_1" 5 10, 6 1 0, S_0x560d04d18960;
 .timescale 0 0;
    .port_info 0 /OUTPUT 1 "out"
    .port_info 1 /INPUT 1 "a"
    .port_info 2 /INPUT 1 "b"
    .port_info 3 /INPUT 1 "c"
    .port_info 4 /INPUT 1 "d"
    .port_info 5 /INPUT 2 "s"
v0x560d04d18f20_0 .net "a", 0 0, L_0x560d04d33d40;  alias, 1 drivers
v0x560d04d19000_0 .net "b", 0 0, L_0x560d04d346e0;  alias, 1 drivers
v0x560d04d190c0_0 .net "c", 0 0, L_0x560d04d34870;  alias, 1 drivers
v0x560d04d19190_0 .net "d", 0 0, L_0x560d04d348e0;  alias, 1 drivers
v0x560d04d19250_0 .var "out", 0 0;
v0x560d04d19360_0 .net "s", 1 0, o0x7f4261563318;  alias, 0 drivers
E_0x560d04d18e90/0 .event edge, v0x560d04d132b0_0, v0x560d04d19190_0, v0x560d04d190c0_0, v0x560d04d19000_0;
E_0x560d04d18e90/1 .event edge, v0x560d04d18f20_0;
E_0x560d04d18e90 .event/or E_0x560d04d18e90/0, E_0x560d04d18e90/1;
S_0x560d04d19bc0 .scope module, "full_adder" "fa" 4 4, 7 1 0, S_0x560d04d186e0;
 .timescale 0 0;
    .port_info 0 /OUTPUT 1 "cout"
    .port_info 1 /OUTPUT 1 "sum"
    .port_info 2 /INPUT 1 "a"
    .port_info 3 /INPUT 1 "b"
    .port_info 4 /INPUT 1 "cin"
L_0x7f426151a2e8 .functor BUFT 1, C4<0>, C4<0>, C4<0>, C4<0>;
v0x560d04d19e10_0 .net *"_s10", 0 0, L_0x7f426151a2e8;  1 drivers
v0x560d04d19ef0_0 .net *"_s11", 1 0, L_0x560d04d34c70;  1 drivers
v0x560d04d19fd0_0 .net *"_s13", 1 0, L_0x560d04d34e20;  1 drivers
L_0x7f426151a330 .functor BUFT 1, C4<0>, C4<0>, C4<0>, C4<0>;
v0x560d04d1a0c0_0 .net *"_s16", 0 0, L_0x7f426151a330;  1 drivers
v0x560d04d1a1a0_0 .net *"_s17", 1 0, L_0x560d04d34fa0;  1 drivers
v0x560d04d1a2d0_0 .net *"_s3", 1 0, L_0x560d04d34a90;  1 drivers
L_0x7f426151a2a0 .functor BUFT 1, C4<0>, C4<0>, C4<0>, C4<0>;
v0x560d04d1a3b0_0 .net *"_s6", 0 0, L_0x7f426151a2a0;  1 drivers
v0x560d04d1a490_0 .net *"_s7", 1 0, L_0x560d04d34b80;  1 drivers
v0x560d04d1a570_0 .net "a", 0 0, L_0x560d04d352f0;  alias, 1 drivers
v0x560d04d1a6a0_0 .net "b", 0 0, L_0x560d04d354e0;  alias, 1 drivers
v0x560d04d1a770_0 .net "cin", 0 0, L_0x560d04d35580;  alias, 1 drivers
v0x560d04d1a810_0 .net "cout", 0 0, L_0x560d04d34950;  alias, 1 drivers
v0x560d04d1a8b0_0 .net "sum", 0 0, L_0x560d04d349f0;  alias, 1 drivers
L_0x560d04d34950 .part L_0x560d04d34fa0, 1, 1;
L_0x560d04d349f0 .part L_0x560d04d34fa0, 0, 1;
L_0x560d04d34a90 .concat [ 1 1 0 0], L_0x560d04d352f0, L_0x7f426151a2a0;
L_0x560d04d34b80 .concat [ 1 1 0 0], L_0x560d04d354e0, L_0x7f426151a2e8;
L_0x560d04d34c70 .arith/sum 2, L_0x560d04d34a90, L_0x560d04d34b80;
L_0x560d04d34e20 .concat [ 1 1 0 0], L_0x560d04d35580, L_0x7f426151a330;
L_0x560d04d34fa0 .arith/sum 2, L_0x560d04d34c70, L_0x560d04d34e20;
S_0x560d04d1aa40 .scope module, "mux2" "mux2_1" 4 5, 8 1 0, S_0x560d04d186e0;
 .timescale 0 0;
    .port_info 0 /OUTPUT 1 "out"
    .port_info 1 /INPUT 1 "a"
    .port_info 2 /INPUT 1 "b"
    .port_info 3 /INPUT 1 "s"
v0x560d04d1ac60_0 .net "a", 0 0, L_0x560d04d349f0;  alias, 1 drivers
v0x560d04d1ad30_0 .net "b", 0 0, v0x560d04d19250_0;  alias, 1 drivers
v0x560d04d1ae20_0 .net "out", 0 0, L_0x560d04d350e0;  alias, 1 drivers
v0x560d04d1aec0_0 .net "s", 0 0, o0x7f42615638b8;  alias, 0 drivers
L_0x560d04d350e0 .functor MUXZ 1, L_0x560d04d349f0, v0x560d04d19250_0, o0x7f42615638b8, C4<>;
S_0x560d04d1b870 .scope module, "cal3" "cal" 2 13, 4 1 0, S_0x560d04cf3d50;
 .timescale 0 0;
    .port_info 0 /OUTPUT 1 "out"
    .port_info 1 /OUTPUT 1 "c_out"
    .port_info 2 /INPUT 1 "a"
    .port_info 3 /INPUT 1 "b"
    .port_info 4 /INPUT 1 "arit"
    .port_info 5 /INPUT 1 "c_in"
    .port_info 6 /INPUT 2 "s"
v0x560d04d1e1a0_0 .net "a", 0 0, L_0x560d04d36480;  1 drivers
v0x560d04d1e2b0_0 .net "arit", 0 0, o0x7f42615638b8;  alias, 0 drivers
v0x560d04d1e370_0 .net "b", 0 0, L_0x560d04d36630;  1 drivers
v0x560d04d1e460_0 .net "c_in", 0 0, L_0x560d04d36740;  1 drivers
v0x560d04d1e500_0 .net "c_out", 0 0, L_0x560d04d358a0;  1 drivers
v0x560d04d1e5f0_0 .net "out", 0 0, L_0x560d04d360d0;  1 drivers
v0x560d04d1e690_0 .net "s", 1 0, o0x7f4261563318;  alias, 0 drivers
v0x560d04d1e730_0 .net "sum_out_cl", 0 0, v0x560d04d1c400_0;  1 drivers
v0x560d04d1e7d0_0 .net "sum_out_fa", 0 0, L_0x560d04d35990;  1 drivers
S_0x560d04d1bb40 .scope module, "celda_logica" "cl" 4 3, 5 1 0, S_0x560d04d1b870;
 .timescale 0 0;
    .port_info 0 /OUTPUT 1 "out"
    .port_info 1 /INPUT 1 "a"
    .port_info 2 /INPUT 1 "b"
    .port_info 3 /INPUT 2 "s"
L_0x560d04d34d10 .functor AND 1, L_0x560d04d36480, L_0x560d04d36630, C4<1>, C4<1>;
L_0x560d04d35670 .functor OR 1, L_0x560d04d36480, L_0x560d04d36630, C4<0>, C4<0>;
L_0x560d04d357c0 .functor XOR 1, L_0x560d04d36480, L_0x560d04d36630, C4<0>, C4<0>;
L_0x560d04d35830 .functor NOT 1, L_0x560d04d36480, C4<0>, C4<0>, C4<0>;
v0x560d04d1c6d0_0 .net "a", 0 0, L_0x560d04d36480;  alias, 1 drivers
v0x560d04d1c7b0_0 .net "aux_and", 0 0, L_0x560d04d34d10;  1 drivers
v0x560d04d1c870_0 .net "aux_not", 0 0, L_0x560d04d35830;  1 drivers
v0x560d04d1c970_0 .net "aux_or", 0 0, L_0x560d04d35670;  1 drivers
v0x560d04d1ca40_0 .net "aux_xor", 0 0, L_0x560d04d357c0;  1 drivers
v0x560d04d1cb30_0 .net "b", 0 0, L_0x560d04d36630;  alias, 1 drivers
v0x560d04d1cbd0_0 .net "out", 0 0, v0x560d04d1c400_0;  alias, 1 drivers
v0x560d04d1cca0_0 .net "s", 1 0, o0x7f4261563318;  alias, 0 drivers
S_0x560d04d1bda0 .scope module, "mux1" "mux4_1" 5 10, 6 1 0, S_0x560d04d1bb40;
 .timescale 0 0;
    .port_info 0 /OUTPUT 1 "out"
    .port_info 1 /INPUT 1 "a"
    .port_info 2 /INPUT 1 "b"
    .port_info 3 /INPUT 1 "c"
    .port_info 4 /INPUT 1 "d"
    .port_info 5 /INPUT 2 "s"
v0x560d04d1c100_0 .net "a", 0 0, L_0x560d04d34d10;  alias, 1 drivers
v0x560d04d1c1e0_0 .net "b", 0 0, L_0x560d04d35670;  alias, 1 drivers
v0x560d04d1c2a0_0 .net "c", 0 0, L_0x560d04d357c0;  alias, 1 drivers
v0x560d04d1c340_0 .net "d", 0 0, L_0x560d04d35830;  alias, 1 drivers
v0x560d04d1c400_0 .var "out", 0 0;
v0x560d04d1c510_0 .net "s", 1 0, o0x7f4261563318;  alias, 0 drivers
E_0x560d04d1c070/0 .event edge, v0x560d04d132b0_0, v0x560d04d1c340_0, v0x560d04d1c2a0_0, v0x560d04d1c1e0_0;
E_0x560d04d1c070/1 .event edge, v0x560d04d1c100_0;
E_0x560d04d1c070 .event/or E_0x560d04d1c070/0, E_0x560d04d1c070/1;
S_0x560d04d1cd70 .scope module, "full_adder" "fa" 4 4, 7 1 0, S_0x560d04d1b870;
 .timescale 0 0;
    .port_info 0 /OUTPUT 1 "cout"
    .port_info 1 /OUTPUT 1 "sum"
    .port_info 2 /INPUT 1 "a"
    .port_info 3 /INPUT 1 "b"
    .port_info 4 /INPUT 1 "cin"
L_0x7f426151a3c0 .functor BUFT 1, C4<0>, C4<0>, C4<0>, C4<0>;
v0x560d04d1cfc0_0 .net *"_s10", 0 0, L_0x7f426151a3c0;  1 drivers
v0x560d04d1d0a0_0 .net *"_s11", 1 0, L_0x560d04d35c60;  1 drivers
v0x560d04d1d180_0 .net *"_s13", 1 0, L_0x560d04d35e10;  1 drivers
L_0x7f426151a408 .functor BUFT 1, C4<0>, C4<0>, C4<0>, C4<0>;
v0x560d04d1d270_0 .net *"_s16", 0 0, L_0x7f426151a408;  1 drivers
v0x560d04d1d350_0 .net *"_s17", 1 0, L_0x560d04d35f90;  1 drivers
v0x560d04d1d480_0 .net *"_s3", 1 0, L_0x560d04d35a80;  1 drivers
L_0x7f426151a378 .functor BUFT 1, C4<0>, C4<0>, C4<0>, C4<0>;
v0x560d04d1d560_0 .net *"_s6", 0 0, L_0x7f426151a378;  1 drivers
v0x560d04d1d640_0 .net *"_s7", 1 0, L_0x560d04d35b70;  1 drivers
v0x560d04d1d720_0 .net "a", 0 0, L_0x560d04d36480;  alias, 1 drivers
v0x560d04d1d850_0 .net "b", 0 0, L_0x560d04d36630;  alias, 1 drivers
v0x560d04d1d920_0 .net "cin", 0 0, L_0x560d04d36740;  alias, 1 drivers
v0x560d04d1d9c0_0 .net "cout", 0 0, L_0x560d04d358a0;  alias, 1 drivers
v0x560d04d1da60_0 .net "sum", 0 0, L_0x560d04d35990;  alias, 1 drivers
L_0x560d04d358a0 .part L_0x560d04d35f90, 1, 1;
L_0x560d04d35990 .part L_0x560d04d35f90, 0, 1;
L_0x560d04d35a80 .concat [ 1 1 0 0], L_0x560d04d36480, L_0x7f426151a378;
L_0x560d04d35b70 .concat [ 1 1 0 0], L_0x560d04d36630, L_0x7f426151a3c0;
L_0x560d04d35c60 .arith/sum 2, L_0x560d04d35a80, L_0x560d04d35b70;
L_0x560d04d35e10 .concat [ 1 1 0 0], L_0x560d04d36740, L_0x7f426151a408;
L_0x560d04d35f90 .arith/sum 2, L_0x560d04d35c60, L_0x560d04d35e10;
S_0x560d04d1dbf0 .scope module, "mux2" "mux2_1" 4 5, 8 1 0, S_0x560d04d1b870;
 .timescale 0 0;
    .port_info 0 /OUTPUT 1 "out"
    .port_info 1 /INPUT 1 "a"
    .port_info 2 /INPUT 1 "b"
    .port_info 3 /INPUT 1 "s"
v0x560d04d1de10_0 .net "a", 0 0, L_0x560d04d35990;  alias, 1 drivers
v0x560d04d1dee0_0 .net "b", 0 0, v0x560d04d1c400_0;  alias, 1 drivers
v0x560d04d1dfd0_0 .net "out", 0 0, L_0x560d04d360d0;  alias, 1 drivers
v0x560d04d1e070_0 .net "s", 0 0, o0x7f42615638b8;  alias, 0 drivers
L_0x560d04d360d0 .functor MUXZ 1, L_0x560d04d35990, v0x560d04d1c400_0, o0x7f42615638b8, C4<>;
S_0x560d04d1e960 .scope module, "mux_ALU01" "mux2_4" 2 6, 9 1 0, S_0x560d04cf3d50;
 .timescale 0 0;
    .port_info 0 /OUTPUT 4 "out"
    .port_info 1 /INPUT 4 "a"
    .port_info 2 /INPUT 4 "b"
    .port_info 3 /INPUT 1 "s"
L_0x7f426151a018 .functor BUFT 1, C4<0000>, C4<0>, C4<0>, C4<0>;
v0x560d04d1eba0_0 .net "a", 3 0, L_0x7f426151a018;  1 drivers
v0x560d04d1eca0_0 .net "b", 3 0, o0x7f4261565478;  alias, 0 drivers
v0x560d04d1ed80_0 .net "out", 3 0, L_0x560d04d21f40;  alias, 1 drivers
v0x560d04d1ee70_0 .net "s", 0 0, L_0x560d04d35d00;  alias, 1 drivers
L_0x560d04d21f40 .functor MUXZ 4, L_0x7f426151a018, o0x7f4261565478, L_0x560d04d35d00, C4<>;
S_0x560d04d1efe0 .scope module, "mux_ALU02" "mux2_4" 2 7, 9 1 0, S_0x560d04cf3d50;
 .timescale 0 0;
    .port_info 0 /OUTPUT 4 "out"
    .port_info 1 /INPUT 4 "a"
    .port_info 2 /INPUT 4 "b"
    .port_info 3 /INPUT 1 "s"
v0x560d04d1f220_0 .net "a", 3 0, o0x7f4261565478;  alias, 0 drivers
v0x560d04d1f330_0 .net "b", 3 0, o0x7f42615655c8;  alias, 0 drivers
v0x560d04d1f3f0_0 .net "out", 3 0, L_0x560d04d220c0;  alias, 1 drivers
v0x560d04d1f4f0_0 .net "s", 0 0, L_0x560d04d37240;  alias, 1 drivers
L_0x560d04d220c0 .functor MUXZ 4, o0x7f4261565478, o0x7f42615655c8, L_0x560d04d37240, C4<>;
    .scope S_0x560d04d12bc0;
T_0 ;
    %wait E_0x560d04cc4e60;
    %load/vec4 v0x560d04d132b0_0;
    %dup/vec4;
    %pushi/vec4 0, 0, 2;
    %cmp/u;
    %jmp/1 T_0.0, 6;
    %dup/vec4;
    %pushi/vec4 1, 0, 2;
    %cmp/u;
    %jmp/1 T_0.1, 6;
    %dup/vec4;
    %pushi/vec4 2, 0, 2;
    %cmp/u;
    %jmp/1 T_0.2, 6;
    %dup/vec4;
    %pushi/vec4 3, 0, 2;
    %cmp/u;
    %jmp/1 T_0.3, 6;
    %pushi/vec4 1, 1, 1;
    %store/vec4 v0x560d04d131a0_0, 0, 1;
    %jmp T_0.5;
T_0.0 ;
    %load/vec4 v0x560d04d12ea0_0;
    %store/vec4 v0x560d04d131a0_0, 0, 1;
    %jmp T_0.5;
T_0.1 ;
    %load/vec4 v0x560d04d12f80_0;
    %store/vec4 v0x560d04d131a0_0, 0, 1;
    %jmp T_0.5;
T_0.2 ;
    %load/vec4 v0x560d04d13040_0;
    %store/vec4 v0x560d04d131a0_0, 0, 1;
    %jmp T_0.5;
T_0.3 ;
    %load/vec4 v0x560d04d130e0_0;
    %store/vec4 v0x560d04d131a0_0, 0, 1;
    %jmp T_0.5;
T_0.5 ;
    %pop/vec4 1;
    %jmp T_0;
    .thread T_0, $push;
    .scope S_0x560d04d15b10;
T_1 ;
    %wait E_0x560d04c8eaa0;
    %load/vec4 v0x560d04d16230_0;
    %dup/vec4;
    %pushi/vec4 0, 0, 2;
    %cmp/u;
    %jmp/1 T_1.0, 6;
    %dup/vec4;
    %pushi/vec4 1, 0, 2;
    %cmp/u;
    %jmp/1 T_1.1, 6;
    %dup/vec4;
    %pushi/vec4 2, 0, 2;
    %cmp/u;
    %jmp/1 T_1.2, 6;
    %dup/vec4;
    %pushi/vec4 3, 0, 2;
    %cmp/u;
    %jmp/1 T_1.3, 6;
    %pushi/vec4 1, 1, 1;
    %store/vec4 v0x560d04d16120_0, 0, 1;
    %jmp T_1.5;
T_1.0 ;
    %load/vec4 v0x560d04d15df0_0;
    %store/vec4 v0x560d04d16120_0, 0, 1;
    %jmp T_1.5;
T_1.1 ;
    %load/vec4 v0x560d04d15ed0_0;
    %store/vec4 v0x560d04d16120_0, 0, 1;
    %jmp T_1.5;
T_1.2 ;
    %load/vec4 v0x560d04d15f90_0;
    %store/vec4 v0x560d04d16120_0, 0, 1;
    %jmp T_1.5;
T_1.3 ;
    %load/vec4 v0x560d04d16060_0;
    %store/vec4 v0x560d04d16120_0, 0, 1;
    %jmp T_1.5;
T_1.5 ;
    %pop/vec4 1;
    %jmp T_1;
    .thread T_1, $push;
    .scope S_0x560d04d18bc0;
T_2 ;
    %wait E_0x560d04d18e90;
    %load/vec4 v0x560d04d19360_0;
    %dup/vec4;
    %pushi/vec4 0, 0, 2;
    %cmp/u;
    %jmp/1 T_2.0, 6;
    %dup/vec4;
    %pushi/vec4 1, 0, 2;
    %cmp/u;
    %jmp/1 T_2.1, 6;
    %dup/vec4;
    %pushi/vec4 2, 0, 2;
    %cmp/u;
    %jmp/1 T_2.2, 6;
    %dup/vec4;
    %pushi/vec4 3, 0, 2;
    %cmp/u;
    %jmp/1 T_2.3, 6;
    %pushi/vec4 1, 1, 1;
    %store/vec4 v0x560d04d19250_0, 0, 1;
    %jmp T_2.5;
T_2.0 ;
    %load/vec4 v0x560d04d18f20_0;
    %store/vec4 v0x560d04d19250_0, 0, 1;
    %jmp T_2.5;
T_2.1 ;
    %load/vec4 v0x560d04d19000_0;
    %store/vec4 v0x560d04d19250_0, 0, 1;
    %jmp T_2.5;
T_2.2 ;
    %load/vec4 v0x560d04d190c0_0;
    %store/vec4 v0x560d04d19250_0, 0, 1;
    %jmp T_2.5;
T_2.3 ;
    %load/vec4 v0x560d04d19190_0;
    %store/vec4 v0x560d04d19250_0, 0, 1;
    %jmp T_2.5;
T_2.5 ;
    %pop/vec4 1;
    %jmp T_2;
    .thread T_2, $push;
    .scope S_0x560d04d1bda0;
T_3 ;
    %wait E_0x560d04d1c070;
    %load/vec4 v0x560d04d1c510_0;
    %dup/vec4;
    %pushi/vec4 0, 0, 2;
    %cmp/u;
    %jmp/1 T_3.0, 6;
    %dup/vec4;
    %pushi/vec4 1, 0, 2;
    %cmp/u;
    %jmp/1 T_3.1, 6;
    %dup/vec4;
    %pushi/vec4 2, 0, 2;
    %cmp/u;
    %jmp/1 T_3.2, 6;
    %dup/vec4;
    %pushi/vec4 3, 0, 2;
    %cmp/u;
    %jmp/1 T_3.3, 6;
    %pushi/vec4 1, 1, 1;
    %store/vec4 v0x560d04d1c400_0, 0, 1;
    %jmp T_3.5;
T_3.0 ;
    %load/vec4 v0x560d04d1c100_0;
    %store/vec4 v0x560d04d1c400_0, 0, 1;
    %jmp T_3.5;
T_3.1 ;
    %load/vec4 v0x560d04d1c1e0_0;
    %store/vec4 v0x560d04d1c400_0, 0, 1;
    %jmp T_3.5;
T_3.2 ;
    %load/vec4 v0x560d04d1c2a0_0;
    %store/vec4 v0x560d04d1c400_0, 0, 1;
    %jmp T_3.5;
T_3.3 ;
    %load/vec4 v0x560d04d1c340_0;
    %store/vec4 v0x560d04d1c400_0, 0, 1;
    %jmp T_3.5;
T_3.5 ;
    %pop/vec4 1;
    %jmp T_3;
    .thread T_3, $push;
# The file index is used to find the file name in the following table.
:file_names 10;
    "N/A";
    "<interactive>";
    "alu.v";
    "compl1.v";
    "cal.v";
    "cl.v";
    "mux4_1.v";
    "fa_v.v";
    "mux2_1.v";
    "mux2_4.v";
